2025-02-21 07:21:31.098 +02:00 [WRN] Sensitive data logging is enabled. Log entries and exception messages may include sensitive application data; this mode should only be enabled during development.
2025-02-21 07:21:31.335 +02:00 [WRN] The entity type 'Address' is an optional dependent using table sharing without any required non shared property that could be used to identify whether the entity exists. If all nullable properties contain a null value in database then an object instance won't be created in the query. Add a required property to create instances with null values for other properties or mark the incoming navigation as required to always create an instance.
2025-02-21 07:21:31.360 +02:00 [WRN] No store type was specified for the decimal property 'Price' on entity type 'Dish'. This will cause values to be silently truncated if they do not fit in the default precision and scale. Explicitly specify the SQL server column type that can accommodate all the values in 'OnModelCreating' using 'HasColumnType', specify precision and scale using 'HasPrecision', or configure a value converter using 'HasConversion'.
2025-02-21 07:21:43.318 +02:00 [WRN] Sensitive data logging is enabled. Log entries and exception messages may include sensitive application data; this mode should only be enabled during development.
2025-02-21 07:21:43.451 +02:00 [WRN] The entity type 'Address' is an optional dependent using table sharing without any required non shared property that could be used to identify whether the entity exists. If all nullable properties contain a null value in database then an object instance won't be created in the query. Add a required property to create instances with null values for other properties or mark the incoming navigation as required to always create an instance.
2025-02-21 07:21:43.465 +02:00 [WRN] No store type was specified for the decimal property 'Price' on entity type 'Dish'. This will cause values to be silently truncated if they do not fit in the default precision and scale. Explicitly specify the SQL server column type that can accommodate all the values in 'OnModelCreating' using 'HasColumnType', specify precision and scale using 'HasPrecision', or configure a value converter using 'HasConversion'.
2025-02-21 07:23:03.253 +02:00 [WRN] Sensitive data logging is enabled. Log entries and exception messages may include sensitive application data; this mode should only be enabled during development.
2025-02-21 07:23:03.403 +02:00 [WRN] The entity type 'Address' is an optional dependent using table sharing without any required non shared property that could be used to identify whether the entity exists. If all nullable properties contain a null value in database then an object instance won't be created in the query. Add a required property to create instances with null values for other properties or mark the incoming navigation as required to always create an instance.
2025-02-21 07:23:03.423 +02:00 [WRN] No store type was specified for the decimal property 'Price' on entity type 'Dish'. This will cause values to be silently truncated if they do not fit in the default precision and scale. Explicitly specify the SQL server column type that can accommodate all the values in 'OnModelCreating' using 'HasColumnType', specify precision and scale using 'HasPrecision', or configure a value converter using 'HasConversion'.
2025-02-21 07:23:07.958 +02:00 [INF] Executed DbCommand (20ms) [Parameters=[], CommandType='"Text"', CommandTimeout='30']
SELECT 1
2025-02-21 07:23:07.969 +02:00 [INF] Acquiring an exclusive lock for migration application. See https://aka.ms/efcore-docs-migrations-lock for more information if this takes too long.
2025-02-21 07:23:07.997 +02:00 [INF] Executed DbCommand (25ms) [Parameters=[], CommandType='"Text"', CommandTimeout='30']
DECLARE @result int;
EXEC @result = sp_getapplock @Resource = '__EFMigrationsLock', @LockOwner = 'Session', @LockMode = 'Exclusive';
SELECT @result
2025-02-21 07:23:08.149 +02:00 [INF] Executed DbCommand (2ms) [Parameters=[], CommandType='"Text"', CommandTimeout='30']
IF OBJECT_ID(N'[__EFMigrationsHistory]') IS NULL
BEGIN
    CREATE TABLE [__EFMigrationsHistory] (
        [MigrationId] nvarchar(150) NOT NULL,
        [ProductVersion] nvarchar(32) NOT NULL,
        CONSTRAINT [PK___EFMigrationsHistory] PRIMARY KEY ([MigrationId])
    );
END;
2025-02-21 07:23:08.161 +02:00 [INF] Executed DbCommand (0ms) [Parameters=[], CommandType='"Text"', CommandTimeout='30']
SELECT 1
2025-02-21 07:23:08.162 +02:00 [INF] Executed DbCommand (0ms) [Parameters=[], CommandType='"Text"', CommandTimeout='30']
SELECT OBJECT_ID(N'[__EFMigrationsHistory]');
2025-02-21 07:23:08.166 +02:00 [INF] Executed DbCommand (2ms) [Parameters=[], CommandType='"Text"', CommandTimeout='30']
SELECT [MigrationId], [ProductVersion]
FROM [__EFMigrationsHistory]
ORDER BY [MigrationId];
2025-02-21 07:23:08.177 +02:00 [INF] Applying migration '20250221052146_IdentityAdded'.
2025-02-21 07:23:08.255 +02:00 [INF] Executed DbCommand (6ms) [Parameters=[], CommandType='"Text"', CommandTimeout='30']
CREATE TABLE [AspNetRoles] (
    [Id] nvarchar(450) NOT NULL,
    [Name] nvarchar(256) NULL,
    [NormalizedName] nvarchar(256) NULL,
    [ConcurrencyStamp] nvarchar(max) NULL,
    CONSTRAINT [PK_AspNetRoles] PRIMARY KEY ([Id])
);
2025-02-21 07:23:08.258 +02:00 [INF] Executed DbCommand (3ms) [Parameters=[], CommandType='"Text"', CommandTimeout='30']
CREATE TABLE [AspNetUsers] (
    [Id] nvarchar(450) NOT NULL,
    [UserName] nvarchar(256) NULL,
    [NormalizedUserName] nvarchar(256) NULL,
    [Email] nvarchar(256) NULL,
    [NormalizedEmail] nvarchar(256) NULL,
    [EmailConfirmed] bit NOT NULL,
    [PasswordHash] nvarchar(max) NULL,
    [SecurityStamp] nvarchar(max) NULL,
    [ConcurrencyStamp] nvarchar(max) NULL,
    [PhoneNumber] nvarchar(max) NULL,
    [PhoneNumberConfirmed] bit NOT NULL,
    [TwoFactorEnabled] bit NOT NULL,
    [LockoutEnd] datetimeoffset NULL,
    [LockoutEnabled] bit NOT NULL,
    [AccessFailedCount] int NOT NULL,
    CONSTRAINT [PK_AspNetUsers] PRIMARY KEY ([Id])
);
2025-02-21 07:23:08.261 +02:00 [INF] Executed DbCommand (2ms) [Parameters=[], CommandType='"Text"', CommandTimeout='30']
CREATE TABLE [AspNetRoleClaims] (
    [Id] int NOT NULL IDENTITY,
    [RoleId] nvarchar(450) NOT NULL,
    [ClaimType] nvarchar(max) NULL,
    [ClaimValue] nvarchar(max) NULL,
    CONSTRAINT [PK_AspNetRoleClaims] PRIMARY KEY ([Id]),
    CONSTRAINT [FK_AspNetRoleClaims_AspNetRoles_RoleId] FOREIGN KEY ([RoleId]) REFERENCES [AspNetRoles] ([Id]) ON DELETE CASCADE
);
2025-02-21 07:23:08.264 +02:00 [INF] Executed DbCommand (3ms) [Parameters=[], CommandType='"Text"', CommandTimeout='30']
CREATE TABLE [AspNetUserClaims] (
    [Id] int NOT NULL IDENTITY,
    [UserId] nvarchar(450) NOT NULL,
    [ClaimType] nvarchar(max) NULL,
    [ClaimValue] nvarchar(max) NULL,
    CONSTRAINT [PK_AspNetUserClaims] PRIMARY KEY ([Id]),
    CONSTRAINT [FK_AspNetUserClaims_AspNetUsers_UserId] FOREIGN KEY ([UserId]) REFERENCES [AspNetUsers] ([Id]) ON DELETE CASCADE
);
2025-02-21 07:23:08.268 +02:00 [INF] Executed DbCommand (4ms) [Parameters=[], CommandType='"Text"', CommandTimeout='30']
CREATE TABLE [AspNetUserLogins] (
    [LoginProvider] nvarchar(450) NOT NULL,
    [ProviderKey] nvarchar(450) NOT NULL,
    [ProviderDisplayName] nvarchar(max) NULL,
    [UserId] nvarchar(450) NOT NULL,
    CONSTRAINT [PK_AspNetUserLogins] PRIMARY KEY ([LoginProvider], [ProviderKey]),
    CONSTRAINT [FK_AspNetUserLogins_AspNetUsers_UserId] FOREIGN KEY ([UserId]) REFERENCES [AspNetUsers] ([Id]) ON DELETE CASCADE
);
2025-02-21 07:23:08.271 +02:00 [INF] Executed DbCommand (2ms) [Parameters=[], CommandType='"Text"', CommandTimeout='30']
CREATE TABLE [AspNetUserRoles] (
    [UserId] nvarchar(450) NOT NULL,
    [RoleId] nvarchar(450) NOT NULL,
    CONSTRAINT [PK_AspNetUserRoles] PRIMARY KEY ([UserId], [RoleId]),
    CONSTRAINT [FK_AspNetUserRoles_AspNetRoles_RoleId] FOREIGN KEY ([RoleId]) REFERENCES [AspNetRoles] ([Id]) ON DELETE CASCADE,
    CONSTRAINT [FK_AspNetUserRoles_AspNetUsers_UserId] FOREIGN KEY ([UserId]) REFERENCES [AspNetUsers] ([Id]) ON DELETE CASCADE
);
2025-02-21 07:23:08.275 +02:00 [INF] Executed DbCommand (3ms) [Parameters=[], CommandType='"Text"', CommandTimeout='30']
CREATE TABLE [AspNetUserTokens] (
    [UserId] nvarchar(450) NOT NULL,
    [LoginProvider] nvarchar(450) NOT NULL,
    [Name] nvarchar(450) NOT NULL,
    [Value] nvarchar(max) NULL,
    CONSTRAINT [PK_AspNetUserTokens] PRIMARY KEY ([UserId], [LoginProvider], [Name]),
    CONSTRAINT [FK_AspNetUserTokens_AspNetUsers_UserId] FOREIGN KEY ([UserId]) REFERENCES [AspNetUsers] ([Id]) ON DELETE CASCADE
);
2025-02-21 07:23:08.276 +02:00 [INF] Executed DbCommand (1ms) [Parameters=[], CommandType='"Text"', CommandTimeout='30']
CREATE INDEX [IX_AspNetRoleClaims_RoleId] ON [AspNetRoleClaims] ([RoleId]);
2025-02-21 07:23:08.916 +02:00 [INF] Executed DbCommand (1ms) [Parameters=[], CommandType='"Text"', CommandTimeout='30']
CREATE UNIQUE INDEX [RoleNameIndex] ON [AspNetRoles] ([NormalizedName]) WHERE [NormalizedName] IS NOT NULL;
2025-02-21 07:23:08.917 +02:00 [INF] Executed DbCommand (1ms) [Parameters=[], CommandType='"Text"', CommandTimeout='30']
CREATE INDEX [IX_AspNetUserClaims_UserId] ON [AspNetUserClaims] ([UserId]);
2025-02-21 07:23:08.918 +02:00 [INF] Executed DbCommand (1ms) [Parameters=[], CommandType='"Text"', CommandTimeout='30']
CREATE INDEX [IX_AspNetUserLogins_UserId] ON [AspNetUserLogins] ([UserId]);
2025-02-21 07:23:08.919 +02:00 [INF] Executed DbCommand (1ms) [Parameters=[], CommandType='"Text"', CommandTimeout='30']
CREATE INDEX [IX_AspNetUserRoles_RoleId] ON [AspNetUserRoles] ([RoleId]);
2025-02-21 07:23:08.920 +02:00 [INF] Executed DbCommand (1ms) [Parameters=[], CommandType='"Text"', CommandTimeout='30']
CREATE INDEX [EmailIndex] ON [AspNetUsers] ([NormalizedEmail]);
2025-02-21 07:23:08.921 +02:00 [INF] Executed DbCommand (1ms) [Parameters=[], CommandType='"Text"', CommandTimeout='30']
CREATE UNIQUE INDEX [UserNameIndex] ON [AspNetUsers] ([NormalizedUserName]) WHERE [NormalizedUserName] IS NOT NULL;
2025-02-21 07:23:08.924 +02:00 [INF] Executed DbCommand (2ms) [Parameters=[], CommandType='"Text"', CommandTimeout='30']
INSERT INTO [__EFMigrationsHistory] ([MigrationId], [ProductVersion])
VALUES (N'20250221052146_IdentityAdded', N'9.0.2');
2025-02-21 07:23:08.930 +02:00 [INF] Executed DbCommand (4ms) [Parameters=[], CommandType='"Text"', CommandTimeout='30']
DECLARE @result int;
EXEC @result = sp_releaseapplock @Resource = '__EFMigrationsLock', @LockOwner = 'Session';
SELECT @result
2025-02-21 07:24:12.955 +02:00 [WRN] Sensitive data logging is enabled. Log entries and exception messages may include sensitive application data; this mode should only be enabled during development.
2025-02-21 07:24:13.122 +02:00 [WRN] The entity type 'Address' is an optional dependent using table sharing without any required non shared property that could be used to identify whether the entity exists. If all nullable properties contain a null value in database then an object instance won't be created in the query. Add a required property to create instances with null values for other properties or mark the incoming navigation as required to always create an instance.
2025-02-21 07:24:13.138 +02:00 [WRN] No store type was specified for the decimal property 'Price' on entity type 'Dish'. This will cause values to be silently truncated if they do not fit in the default precision and scale. Explicitly specify the SQL server column type that can accommodate all the values in 'OnModelCreating' using 'HasColumnType', specify precision and scale using 'HasPrecision', or configure a value converter using 'HasConversion'.
2025-02-21 07:24:14.344 +02:00 [INF] Executed DbCommand (88ms) [Parameters=[], CommandType='"Text"', CommandTimeout='30']
SELECT 1
2025-02-21 07:24:14.990 +02:00 [INF] Executed DbCommand (10ms) [Parameters=[], CommandType='"Text"', CommandTimeout='30']
SELECT CASE
    WHEN EXISTS (
        SELECT 1
        FROM [Restaurants] AS [r]) THEN CAST(1 AS bit)
    ELSE CAST(0 AS bit)
END
2025-02-21 07:24:23.275 +02:00 [INF] HTTP GET /swagger responded 301 in 8.7225 ms
2025-02-21 07:24:23.706 +02:00 [INF] HTTP GET /swagger/index.html responded 200 in 326.9294 ms
2025-02-21 07:24:24.141 +02:00 [INF] HTTP GET /swagger/index.css responded 200 in 1.7675 ms
2025-02-21 07:24:24.193 +02:00 [INF] HTTP GET /swagger/index.js responded 200 in 25.7768 ms
2025-02-21 07:24:24.213 +02:00 [INF] HTTP GET /swagger/swagger-ui.css responded 200 in 199.6165 ms
2025-02-21 07:24:24.224 +02:00 [INF] HTTP GET /swagger/swagger-ui-standalone-preset.js responded 200 in 62.9436 ms
2025-02-21 07:24:24.360 +02:00 [INF] HTTP GET /swagger/swagger-ui-bundle.js responded 200 in 198.5143 ms
2025-02-21 07:24:25.507 +02:00 [INF] HTTP GET /swagger/v1/swagger.json responded 200 in 121.2327 ms
2025-02-21 07:27:37.691 +02:00 [WRN] Failed to determine the https port for redirect.
2025-02-21 07:27:39.136 +02:00 [INF] Executed DbCommand (272ms) [Parameters=[@__normalizedUserName_0='HOSSAMHOSNY415@GAMIL.COM' (Size = 256)], CommandType='"Text"', CommandTimeout='30']
SELECT TOP(1) [a].[Id], [a].[AccessFailedCount], [a].[ConcurrencyStamp], [a].[Email], [a].[EmailConfirmed], [a].[LockoutEnabled], [a].[LockoutEnd], [a].[NormalizedEmail], [a].[NormalizedUserName], [a].[PasswordHash], [a].[PhoneNumber], [a].[PhoneNumberConfirmed], [a].[SecurityStamp], [a].[TwoFactorEnabled], [a].[UserName]
FROM [AspNetUsers] AS [a]
WHERE [a].[NormalizedUserName] = @__normalizedUserName_0
2025-02-21 07:27:39.626 +02:00 [INF] Executed DbCommand (16ms) [Parameters=[@p0='618e7892-04a9-4628-b74a-638c29a81d7c' (Nullable = false) (Size = 450), @p1='0', @p2='1ba8f313-0e77-4ad5-8d7d-2dbb6b842361' (Size = 4000), @p3='HossamHosny415@gamil.com' (Size = 256), @p4='False', @p5='True', @p6=NULL (DbType = DateTimeOffset), @p7='HOSSAMHOSNY415@GAMIL.COM' (Size = 256), @p8='HOSSAMHOSNY415@GAMIL.COM' (Size = 256), @p9='AQAAAAIAAYagAAAAENNDgHK+dIrXyiDsbEY/XQfxgznyYUUQ2rXdcTR8BiVP2/geQTT2EYKYAM/4P7vzlw==' (Size = 4000), @p10=NULL (Size = 4000), @p11='False', @p12='5FYJEKQ6YR2XTXWIYCFQDKEBDPGJAXAE' (Size = 4000), @p13='False', @p14='HossamHosny415@gamil.com' (Size = 256)], CommandType='"Text"', CommandTimeout='30']
SET IMPLICIT_TRANSACTIONS OFF;
SET NOCOUNT ON;
INSERT INTO [AspNetUsers] ([Id], [AccessFailedCount], [ConcurrencyStamp], [Email], [EmailConfirmed], [LockoutEnabled], [LockoutEnd], [NormalizedEmail], [NormalizedUserName], [PasswordHash], [PhoneNumber], [PhoneNumberConfirmed], [SecurityStamp], [TwoFactorEnabled], [UserName])
VALUES (@p0, @p1, @p2, @p3, @p4, @p5, @p6, @p7, @p8, @p9, @p10, @p11, @p12, @p13, @p14);
2025-02-21 07:27:39.678 +02:00 [INF] HTTP POST /register responded 200 in 1988.6692 ms
2025-02-21 07:46:02.584 +02:00 [WRN] Sensitive data logging is enabled. Log entries and exception messages may include sensitive application data; this mode should only be enabled during development.
2025-02-21 07:46:02.785 +02:00 [WRN] The entity type 'Address' is an optional dependent using table sharing without any required non shared property that could be used to identify whether the entity exists. If all nullable properties contain a null value in database then an object instance won't be created in the query. Add a required property to create instances with null values for other properties or mark the incoming navigation as required to always create an instance.
2025-02-21 07:46:02.803 +02:00 [WRN] No store type was specified for the decimal property 'Price' on entity type 'Dish'. This will cause values to be silently truncated if they do not fit in the default precision and scale. Explicitly specify the SQL server column type that can accommodate all the values in 'OnModelCreating' using 'HasColumnType', specify precision and scale using 'HasPrecision', or configure a value converter using 'HasConversion'.
2025-02-21 07:46:07.330 +02:00 [INF] Executed DbCommand (48ms) [Parameters=[], CommandType='"Text"', CommandTimeout='30']
SELECT 1
2025-02-21 07:46:08.058 +02:00 [INF] Executed DbCommand (15ms) [Parameters=[], CommandType='"Text"', CommandTimeout='30']
SELECT CASE
    WHEN EXISTS (
        SELECT 1
        FROM [Restaurants] AS [r]) THEN CAST(1 AS bit)
    ELSE CAST(0 AS bit)
END
2025-02-21 07:46:11.159 +02:00 [INF] HTTP GET /swagger responded 301 in 9.6702 ms
2025-02-21 07:46:11.448 +02:00 [INF] HTTP GET /swagger/index.html responded 200 in 222.6653 ms
2025-02-21 07:46:11.569 +02:00 [INF] HTTP GET /swagger/index.js responded 200 in 9.8940 ms
2025-02-21 07:46:12.635 +02:00 [INF] HTTP GET /swagger/v1/swagger.json responded 200 in 87.4327 ms
2025-02-21 07:54:44.648 +02:00 [WRN] Sensitive data logging is enabled. Log entries and exception messages may include sensitive application data; this mode should only be enabled during development.
2025-02-21 07:54:44.846 +02:00 [WRN] The entity type 'Address' is an optional dependent using table sharing without any required non shared property that could be used to identify whether the entity exists. If all nullable properties contain a null value in database then an object instance won't be created in the query. Add a required property to create instances with null values for other properties or mark the incoming navigation as required to always create an instance.
2025-02-21 07:54:44.863 +02:00 [WRN] No store type was specified for the decimal property 'Price' on entity type 'Dish'. This will cause values to be silently truncated if they do not fit in the default precision and scale. Explicitly specify the SQL server column type that can accommodate all the values in 'OnModelCreating' using 'HasColumnType', specify precision and scale using 'HasPrecision', or configure a value converter using 'HasConversion'.
2025-02-21 07:54:47.364 +02:00 [INF] Executed DbCommand (35ms) [Parameters=[], CommandType='"Text"', CommandTimeout='30']
SELECT 1
2025-02-21 07:54:47.826 +02:00 [INF] Executed DbCommand (12ms) [Parameters=[], CommandType='"Text"', CommandTimeout='30']
SELECT CASE
    WHEN EXISTS (
        SELECT 1
        FROM [Restaurants] AS [r]) THEN CAST(1 AS bit)
    ELSE CAST(0 AS bit)
END
2025-02-21 07:54:50.211 +02:00 [INF] HTTP GET /swagger/index.html responded 200 in 203.3711 ms
2025-02-21 07:54:50.251 +02:00 [INF] HTTP GET /swagger/index.js responded 200 in 3.7999 ms
2025-02-21 07:54:51.215 +02:00 [INF] HTTP GET /swagger/v1/swagger.json responded 200 in 110.5104 ms
2025-02-21 07:55:00.951 +02:00 [WRN] Failed to determine the https port for redirect.
2025-02-21 07:55:01.339 +02:00 [INF] Getting all Restaurants (we are in Restaurant Service )
2025-02-21 07:55:02.075 +02:00 [INF] Executed DbCommand (87ms) [Parameters=[], CommandType='"Text"', CommandTimeout='30']
SELECT [r].[Id], [r].[Category], [r].[ContactEmail], [r].[ContactNumber], [r].[Description], [r].[HasDelivery], [r].[Name], [r].[Address_City], [r].[Address_PostalCode], [r].[Address_Street], [d].[Id], [d].[Description], [d].[KiloCalories], [d].[Name], [d].[Price], [d].[RestaurantId]
FROM [Restaurants] AS [r]
LEFT JOIN [Dishes] AS [d] ON [r].[Id] = [d].[RestaurantId]
ORDER BY [r].[Id]
2025-02-21 07:55:02.483 +02:00 [INF] HTTP GET /api/Restaurants/Get-All-Restauratns responded 200 in 1534.8342 ms
2025-02-21 07:57:08.764 +02:00 [WRN] Sensitive data logging is enabled. Log entries and exception messages may include sensitive application data; this mode should only be enabled during development.
2025-02-21 07:57:09.000 +02:00 [WRN] The entity type 'Address' is an optional dependent using table sharing without any required non shared property that could be used to identify whether the entity exists. If all nullable properties contain a null value in database then an object instance won't be created in the query. Add a required property to create instances with null values for other properties or mark the incoming navigation as required to always create an instance.
2025-02-21 07:57:09.017 +02:00 [WRN] No store type was specified for the decimal property 'Price' on entity type 'Dish'. This will cause values to be silently truncated if they do not fit in the default precision and scale. Explicitly specify the SQL server column type that can accommodate all the values in 'OnModelCreating' using 'HasColumnType', specify precision and scale using 'HasPrecision', or configure a value converter using 'HasConversion'.
2025-02-21 07:57:09.690 +02:00 [INF] Executed DbCommand (55ms) [Parameters=[], CommandType='"Text"', CommandTimeout='30']
SELECT 1
2025-02-21 07:57:10.239 +02:00 [INF] Executed DbCommand (11ms) [Parameters=[], CommandType='"Text"', CommandTimeout='30']
SELECT CASE
    WHEN EXISTS (
        SELECT 1
        FROM [Restaurants] AS [r]) THEN CAST(1 AS bit)
    ELSE CAST(0 AS bit)
END
2025-02-21 07:57:12.801 +02:00 [INF] HTTP GET /swagger/index.html responded 200 in 167.3001 ms
2025-02-21 07:57:12.837 +02:00 [INF] HTTP GET /swagger/index.js responded 200 in 2.5620 ms
2025-02-21 07:57:13.883 +02:00 [INF] HTTP GET /swagger/v1/swagger.json responded 200 in 120.9580 ms
2025-02-21 07:57:32.898 +02:00 [WRN] Failed to determine the https port for redirect.
2025-02-21 07:57:33.390 +02:00 [INF] Executed DbCommand (106ms) [Parameters=[@__normalizedUserName_0='STRING' (Size = 256)], CommandType='"Text"', CommandTimeout='30']
SELECT TOP(1) [a].[Id], [a].[AccessFailedCount], [a].[ConcurrencyStamp], [a].[Email], [a].[EmailConfirmed], [a].[LockoutEnabled], [a].[LockoutEnd], [a].[NormalizedEmail], [a].[NormalizedUserName], [a].[PasswordHash], [a].[PhoneNumber], [a].[PhoneNumberConfirmed], [a].[SecurityStamp], [a].[TwoFactorEnabled], [a].[UserName]
FROM [AspNetUsers] AS [a]
WHERE [a].[NormalizedUserName] = @__normalizedUserName_0
2025-02-21 07:57:33.456 +02:00 [INF] HTTP POST /api/Identity/login responded 401 in 561.7985 ms
2025-02-21 07:59:28.841 +02:00 [INF] Executed DbCommand (11ms) [Parameters=[@__normalizedUserName_0='HOSSAMHOSNY415@GMAIL.COM' (Size = 256)], CommandType='"Text"', CommandTimeout='30']
SELECT TOP(1) [a].[Id], [a].[AccessFailedCount], [a].[ConcurrencyStamp], [a].[Email], [a].[EmailConfirmed], [a].[LockoutEnabled], [a].[LockoutEnd], [a].[NormalizedEmail], [a].[NormalizedUserName], [a].[PasswordHash], [a].[PhoneNumber], [a].[PhoneNumberConfirmed], [a].[SecurityStamp], [a].[TwoFactorEnabled], [a].[UserName]
FROM [AspNetUsers] AS [a]
WHERE [a].[NormalizedUserName] = @__normalizedUserName_0
2025-02-21 07:59:28.847 +02:00 [INF] HTTP POST /api/Identity/login responded 401 in 182.1301 ms
2025-02-21 08:03:06.819 +02:00 [INF] Executed DbCommand (35ms) [Parameters=[@__normalizedEmail_0='HOSSAMHOSNY415@GMAIL.COM' (Size = 256)], CommandType='"Text"', CommandTimeout='30']
SELECT TOP(2) [a].[Id], [a].[AccessFailedCount], [a].[ConcurrencyStamp], [a].[Email], [a].[EmailConfirmed], [a].[LockoutEnabled], [a].[LockoutEnd], [a].[NormalizedEmail], [a].[NormalizedUserName], [a].[PasswordHash], [a].[PhoneNumber], [a].[PhoneNumberConfirmed], [a].[SecurityStamp], [a].[TwoFactorEnabled], [a].[UserName]
FROM [AspNetUsers] AS [a]
WHERE [a].[NormalizedEmail] = @__normalizedEmail_0
2025-02-21 08:03:06.826 +02:00 [INF] HTTP POST /api/Identity/forgotPassword responded 200 in 94.5464 ms
2025-02-21 08:04:59.554 +02:00 [INF] Executed DbCommand (24ms) [Parameters=[@__normalizedEmail_0='HOSSAMHOSNY415@GMAIL.COM' (Size = 256)], CommandType='"Text"', CommandTimeout='30']
SELECT TOP(2) [a].[Id], [a].[AccessFailedCount], [a].[ConcurrencyStamp], [a].[Email], [a].[EmailConfirmed], [a].[LockoutEnabled], [a].[LockoutEnd], [a].[NormalizedEmail], [a].[NormalizedUserName], [a].[PasswordHash], [a].[PhoneNumber], [a].[PhoneNumberConfirmed], [a].[SecurityStamp], [a].[TwoFactorEnabled], [a].[UserName]
FROM [AspNetUsers] AS [a]
WHERE [a].[NormalizedEmail] = @__normalizedEmail_0
2025-02-21 08:04:59.559 +02:00 [INF] HTTP POST /api/Identity/forgotPassword responded 200 in 44.6195 ms
2025-02-21 08:05:54.683 +02:00 [INF] Executed DbCommand (1ms) [Parameters=[@__normalizedEmail_0='HOSSAMHOSNY415@GMAIL.COM' (Size = 256)], CommandType='"Text"', CommandTimeout='30']
SELECT TOP(2) [a].[Id], [a].[AccessFailedCount], [a].[ConcurrencyStamp], [a].[Email], [a].[EmailConfirmed], [a].[LockoutEnabled], [a].[LockoutEnd], [a].[NormalizedEmail], [a].[NormalizedUserName], [a].[PasswordHash], [a].[PhoneNumber], [a].[PhoneNumberConfirmed], [a].[SecurityStamp], [a].[TwoFactorEnabled], [a].[UserName]
FROM [AspNetUsers] AS [a]
WHERE [a].[NormalizedEmail] = @__normalizedEmail_0
2025-02-21 08:05:54.694 +02:00 [INF] HTTP POST /api/Identity/forgotPassword responded 200 in 58.5171 ms
2025-02-21 08:06:00.079 +02:00 [INF] Executed DbCommand (0ms) [Parameters=[@__normalizedEmail_0='HOSSAMHOSNY415@GMAIL.COM' (Size = 256)], CommandType='"Text"', CommandTimeout='30']
SELECT TOP(2) [a].[Id], [a].[AccessFailedCount], [a].[ConcurrencyStamp], [a].[Email], [a].[EmailConfirmed], [a].[LockoutEnabled], [a].[LockoutEnd], [a].[NormalizedEmail], [a].[NormalizedUserName], [a].[PasswordHash], [a].[PhoneNumber], [a].[PhoneNumberConfirmed], [a].[SecurityStamp], [a].[TwoFactorEnabled], [a].[UserName]
FROM [AspNetUsers] AS [a]
WHERE [a].[NormalizedEmail] = @__normalizedEmail_0
2025-02-21 08:06:00.083 +02:00 [INF] HTTP POST /api/Identity/forgotPassword responded 200 in 7.2578 ms
2025-02-21 08:06:04.923 +02:00 [INF] HTTP GET /swagger/index.html responded 200 in 2.2297 ms
2025-02-21 08:06:05.033 +02:00 [INF] HTTP GET /swagger/index.js responded 200 in 0.5732 ms
2025-02-21 08:06:05.904 +02:00 [INF] HTTP GET /swagger/favicon-32x32.png responded 200 in 46.6284 ms
2025-02-21 08:06:05.962 +02:00 [INF] HTTP GET /swagger/v1/swagger.json responded 200 in 116.9414 ms
2025-02-21 08:06:39.957 +02:00 [INF] Executed DbCommand (3ms) [Parameters=[@__normalizedUserName_0='HOSSAMHOSNY415@GMAIL.COM' (Size = 256)], CommandType='"Text"', CommandTimeout='30']
SELECT TOP(1) [a].[Id], [a].[AccessFailedCount], [a].[ConcurrencyStamp], [a].[Email], [a].[EmailConfirmed], [a].[LockoutEnabled], [a].[LockoutEnd], [a].[NormalizedEmail], [a].[NormalizedUserName], [a].[PasswordHash], [a].[PhoneNumber], [a].[PhoneNumberConfirmed], [a].[SecurityStamp], [a].[TwoFactorEnabled], [a].[UserName]
FROM [AspNetUsers] AS [a]
WHERE [a].[NormalizedUserName] = @__normalizedUserName_0
2025-02-21 08:06:40.501 +02:00 [INF] Executed DbCommand (26ms) [Parameters=[@p0='4e398b86-9fee-474c-8bca-1d89b7ba2099' (Nullable = false) (Size = 450), @p1='0', @p2='41130e57-b39a-45db-8ce2-db41d73c3be5' (Size = 4000), @p3='HossamHosny415@gmail.com' (Size = 256), @p4='False', @p5='True', @p6=NULL (DbType = DateTimeOffset), @p7='HOSSAMHOSNY415@GMAIL.COM' (Size = 256), @p8='HOSSAMHOSNY415@GMAIL.COM' (Size = 256), @p9='AQAAAAIAAYagAAAAEEYdNb0w+1SIx7B+IjadYNY2mcShT2pkKc0qZeDegFgCpdVEYCNUFMAPs0nm1B93Xg==' (Size = 4000), @p10=NULL (Size = 4000), @p11='False', @p12='WUPCCNS2BN6PU4WIQMJV3ZLC3QSPUFKF' (Size = 4000), @p13='False', @p14='HossamHosny415@gmail.com' (Size = 256)], CommandType='"Text"', CommandTimeout='30']
SET IMPLICIT_TRANSACTIONS OFF;
SET NOCOUNT ON;
INSERT INTO [AspNetUsers] ([Id], [AccessFailedCount], [ConcurrencyStamp], [Email], [EmailConfirmed], [LockoutEnabled], [LockoutEnd], [NormalizedEmail], [NormalizedUserName], [PasswordHash], [PhoneNumber], [PhoneNumberConfirmed], [SecurityStamp], [TwoFactorEnabled], [UserName])
VALUES (@p0, @p1, @p2, @p3, @p4, @p5, @p6, @p7, @p8, @p9, @p10, @p11, @p12, @p13, @p14);
2025-02-21 08:06:40.575 +02:00 [INF] HTTP POST /api/Identity/register responded 200 in 880.7506 ms
2025-02-21 08:07:17.786 +02:00 [INF] Executed DbCommand (49ms) [Parameters=[@__normalizedUserName_0='HOSSAMHOSNY415@GMAIL.COM' (Size = 256)], CommandType='"Text"', CommandTimeout='30']
SELECT TOP(1) [a].[Id], [a].[AccessFailedCount], [a].[ConcurrencyStamp], [a].[Email], [a].[EmailConfirmed], [a].[LockoutEnabled], [a].[LockoutEnd], [a].[NormalizedEmail], [a].[NormalizedUserName], [a].[PasswordHash], [a].[PhoneNumber], [a].[PhoneNumberConfirmed], [a].[SecurityStamp], [a].[TwoFactorEnabled], [a].[UserName]
FROM [AspNetUsers] AS [a]
WHERE [a].[NormalizedUserName] = @__normalizedUserName_0
2025-02-21 08:07:18.136 +02:00 [INF] Executed DbCommand (6ms) [Parameters=[@__user_Id_0='4e398b86-9fee-474c-8bca-1d89b7ba2099' (Size = 450)], CommandType='"Text"', CommandTimeout='30']
SELECT [a].[Id], [a].[ClaimType], [a].[ClaimValue], [a].[UserId]
FROM [AspNetUserClaims] AS [a]
WHERE [a].[UserId] = @__user_Id_0
2025-02-21 08:07:18.162 +02:00 [INF] HTTP POST /api/Identity/login responded 200 in 434.2986 ms
2025-02-21 08:11:57.084 +02:00 [INF] Getting all Restaurants (we are in Restaurant Service )
2025-02-21 08:11:57.262 +02:00 [INF] Executed DbCommand (5ms) [Parameters=[], CommandType='"Text"', CommandTimeout='30']
SELECT [r].[Id], [r].[Category], [r].[ContactEmail], [r].[ContactNumber], [r].[Description], [r].[HasDelivery], [r].[Name], [r].[Address_City], [r].[Address_PostalCode], [r].[Address_Street], [d].[Id], [d].[Description], [d].[KiloCalories], [d].[Name], [d].[Price], [d].[RestaurantId]
FROM [Restaurants] AS [r]
LEFT JOIN [Dishes] AS [d] ON [r].[Id] = [d].[RestaurantId]
ORDER BY [r].[Id]
2025-02-21 08:11:57.478 +02:00 [INF] HTTP GET /api/Restaurants/Get-All-Restauratns responded 200 in 948.4371 ms
2025-02-21 08:12:18.353 +02:00 [INF] Getting all Restaurants (we are in Restaurant Service )
2025-02-21 08:12:18.357 +02:00 [INF] Executed DbCommand (1ms) [Parameters=[], CommandType='"Text"', CommandTimeout='30']
SELECT [r].[Id], [r].[Category], [r].[ContactEmail], [r].[ContactNumber], [r].[Description], [r].[HasDelivery], [r].[Name], [r].[Address_City], [r].[Address_PostalCode], [r].[Address_Street], [d].[Id], [d].[Description], [d].[KiloCalories], [d].[Name], [d].[Price], [d].[RestaurantId]
FROM [Restaurants] AS [r]
LEFT JOIN [Dishes] AS [d] ON [r].[Id] = [d].[RestaurantId]
ORDER BY [r].[Id]
2025-02-21 08:12:18.368 +02:00 [INF] HTTP GET /api/Restaurants/Get-All-Restauratns responded 200 in 16.1075 ms
2025-02-21 08:13:12.538 +02:00 [WRN] Sensitive data logging is enabled. Log entries and exception messages may include sensitive application data; this mode should only be enabled during development.
2025-02-21 08:13:12.709 +02:00 [WRN] The entity type 'Address' is an optional dependent using table sharing without any required non shared property that could be used to identify whether the entity exists. If all nullable properties contain a null value in database then an object instance won't be created in the query. Add a required property to create instances with null values for other properties or mark the incoming navigation as required to always create an instance.
2025-02-21 08:13:12.726 +02:00 [WRN] No store type was specified for the decimal property 'Price' on entity type 'Dish'. This will cause values to be silently truncated if they do not fit in the default precision and scale. Explicitly specify the SQL server column type that can accommodate all the values in 'OnModelCreating' using 'HasColumnType', specify precision and scale using 'HasPrecision', or configure a value converter using 'HasConversion'.
2025-02-21 08:13:13.417 +02:00 [INF] Executed DbCommand (42ms) [Parameters=[], CommandType='"Text"', CommandTimeout='30']
SELECT 1
2025-02-21 08:13:13.927 +02:00 [INF] Executed DbCommand (9ms) [Parameters=[], CommandType='"Text"', CommandTimeout='30']
SELECT CASE
    WHEN EXISTS (
        SELECT 1
        FROM [Restaurants] AS [r]) THEN CAST(1 AS bit)
    ELSE CAST(0 AS bit)
END
2025-02-21 08:13:16.967 +02:00 [INF] HTTP GET /swagger/index.html responded 200 in 240.1080 ms
2025-02-21 08:13:17.006 +02:00 [INF] HTTP GET /swagger/index.js responded 200 in 2.9054 ms
2025-02-21 08:13:18.034 +02:00 [INF] HTTP GET /swagger/v1/swagger.json responded 200 in 216.3173 ms
2025-02-21 08:13:29.410 +02:00 [WRN] Failed to determine the https port for redirect.
2025-02-21 08:13:29.449 +02:00 [INF] HTTP GET /api/Restaurants/Get-All-Restauratns responded 401 in 46.7682 ms
2025-02-21 08:13:38.295 +02:00 [INF] HTTP GET /api/Restaurants/Get-All-Restauratns responded 401 in 1.2032 ms
2025-02-21 08:13:42.947 +02:00 [INF] HTTP GET /api/Restaurants/Get-All-Restauratns responded 401 in 2.6054 ms
2025-02-21 08:13:53.306 +02:00 [INF] HTTP GET /api/Restaurants/Get-All-Restauratns responded 401 in 0.2107 ms
2025-02-21 08:14:53.174 +02:00 [INF] HTTP GET /api/Restaurants/Get-All-Restauratns responded 401 in 0.3228 ms
2025-02-21 08:16:58.757 +02:00 [INF] Getting all Restaurants (we are in Restaurant Service )
2025-02-21 08:16:59.185 +02:00 [INF] Executed DbCommand (14ms) [Parameters=[], CommandType='"Text"', CommandTimeout='30']
SELECT [r].[Id], [r].[Category], [r].[ContactEmail], [r].[ContactNumber], [r].[Description], [r].[HasDelivery], [r].[Name], [r].[Address_City], [r].[Address_PostalCode], [r].[Address_Street], [d].[Id], [d].[Description], [d].[KiloCalories], [d].[Name], [d].[Price], [d].[RestaurantId]
FROM [Restaurants] AS [r]
LEFT JOIN [Dishes] AS [d] ON [r].[Id] = [d].[RestaurantId]
ORDER BY [r].[Id]
2025-02-21 08:16:59.451 +02:00 [INF] HTTP GET /api/Restaurants/Get-All-Restauratns responded 200 in 960.3732 ms
2025-02-21 08:17:05.272 +02:00 [INF] HTTP GET /api/Restaurants/Get-All-Restauratns responded 401 in 0.5715 ms
2025-02-21 08:17:09.158 +02:00 [INF] Getting all Restaurants (we are in Restaurant Service )
2025-02-21 08:17:09.314 +02:00 [INF] Executed DbCommand (52ms) [Parameters=[], CommandType='"Text"', CommandTimeout='30']
SELECT [r].[Id], [r].[Category], [r].[ContactEmail], [r].[ContactNumber], [r].[Description], [r].[HasDelivery], [r].[Name], [r].[Address_City], [r].[Address_PostalCode], [r].[Address_Street], [d].[Id], [d].[Description], [d].[KiloCalories], [d].[Name], [d].[Price], [d].[RestaurantId]
FROM [Restaurants] AS [r]
LEFT JOIN [Dishes] AS [d] ON [r].[Id] = [d].[RestaurantId]
ORDER BY [r].[Id]
2025-02-21 08:17:09.333 +02:00 [INF] HTTP GET /api/Restaurants/Get-All-Restauratns responded 200 in 182.9406 ms
2025-02-21 19:34:12.449 +02:00 [WRN] Sensitive data logging is enabled. Log entries and exception messages may include sensitive application data; this mode should only be enabled during development.
2025-02-21 19:34:12.837 +02:00 [WRN] The entity type 'Address' is an optional dependent using table sharing without any required non shared property that could be used to identify whether the entity exists. If all nullable properties contain a null value in database then an object instance won't be created in the query. Add a required property to create instances with null values for other properties or mark the incoming navigation as required to always create an instance.
2025-02-21 19:34:12.863 +02:00 [WRN] No store type was specified for the decimal property 'Price' on entity type 'Dish'. This will cause values to be silently truncated if they do not fit in the default precision and scale. Explicitly specify the SQL server column type that can accommodate all the values in 'OnModelCreating' using 'HasColumnType', specify precision and scale using 'HasPrecision', or configure a value converter using 'HasConversion'.
2025-02-21 19:34:17.058 +02:00 [INF] Executed DbCommand (104ms) [Parameters=[], CommandType='"Text"', CommandTimeout='30']
SELECT 1
2025-02-21 19:34:17.689 +02:00 [INF] Executed DbCommand (24ms) [Parameters=[], CommandType='"Text"', CommandTimeout='30']
SELECT CASE
    WHEN EXISTS (
        SELECT 1
        FROM [Restaurants] AS [r]) THEN CAST(1 AS bit)
    ELSE CAST(0 AS bit)
END
2025-02-21 19:34:20.528 +02:00 [INF] HTTP GET /swagger/index.html responded 200 in 176.9661 ms
2025-02-21 19:34:20.552 +02:00 [INF] HTTP GET /swagger/index.js responded 200 in 3.5317 ms
2025-02-21 19:34:21.510 +02:00 [INF] HTTP GET /swagger/v1/swagger.json responded 200 in 159.9739 ms
2025-02-21 19:35:04.039 +02:00 [WRN] Failed to determine the https port for redirect.
2025-02-21 19:35:04.068 +02:00 [INF] HTTP GET /api/Restaurants/Get-All-Restauratns responded 401 in 31.0970 ms
2025-02-21 19:35:16.400 +02:00 [INF] HTTP GET /api/Restaurants/Get-All-Restauratns responded 401 in 1.2642 ms
2025-02-21 19:35:17.942 +02:00 [INF] HTTP GET /api/Restaurants/Get-All-Restauratns responded 401 in 1.7388 ms
2025-02-21 19:35:19.446 +02:00 [INF] HTTP GET /api/Restaurants/Get-All-Restauratns responded 401 in 0.1938 ms
2025-02-21 19:35:20.723 +02:00 [INF] HTTP GET /api/Restaurants/Get-All-Restauratns responded 401 in 0.8466 ms
2025-02-21 19:36:01.749 +02:00 [INF] HTTP POST /api/Identity/refresh responded 401 in 223.8612 ms
2025-02-21 20:03:16.877 +02:00 [WRN] Sensitive data logging is enabled. Log entries and exception messages may include sensitive application data; this mode should only be enabled during development.
2025-02-21 20:03:17.053 +02:00 [WRN] The entity type 'Address' is an optional dependent using table sharing without any required non shared property that could be used to identify whether the entity exists. If all nullable properties contain a null value in database then an object instance won't be created in the query. Add a required property to create instances with null values for other properties or mark the incoming navigation as required to always create an instance.
2025-02-21 20:03:17.069 +02:00 [WRN] No store type was specified for the decimal property 'Price' on entity type 'Dish'. This will cause values to be silently truncated if they do not fit in the default precision and scale. Explicitly specify the SQL server column type that can accommodate all the values in 'OnModelCreating' using 'HasColumnType', specify precision and scale using 'HasPrecision', or configure a value converter using 'HasConversion'.
2025-02-21 20:03:40.547 +02:00 [WRN] Sensitive data logging is enabled. Log entries and exception messages may include sensitive application data; this mode should only be enabled during development.
2025-02-21 20:03:40.680 +02:00 [WRN] The entity type 'Address' is an optional dependent using table sharing without any required non shared property that could be used to identify whether the entity exists. If all nullable properties contain a null value in database then an object instance won't be created in the query. Add a required property to create instances with null values for other properties or mark the incoming navigation as required to always create an instance.
2025-02-21 20:03:40.696 +02:00 [WRN] No store type was specified for the decimal property 'Price' on entity type 'Dish'. This will cause values to be silently truncated if they do not fit in the default precision and scale. Explicitly specify the SQL server column type that can accommodate all the values in 'OnModelCreating' using 'HasColumnType', specify precision and scale using 'HasPrecision', or configure a value converter using 'HasConversion'.
2025-02-21 20:03:43.102 +02:00 [INF] Executed DbCommand (18ms) [Parameters=[], CommandType='"Text"', CommandTimeout='30']
SELECT 1
2025-02-21 20:03:43.116 +02:00 [INF] Acquiring an exclusive lock for migration application. See https://aka.ms/efcore-docs-migrations-lock for more information if this takes too long.
2025-02-21 20:03:43.173 +02:00 [INF] Executed DbCommand (53ms) [Parameters=[], CommandType='"Text"', CommandTimeout='30']
DECLARE @result int;
EXEC @result = sp_getapplock @Resource = '__EFMigrationsLock', @LockOwner = 'Session', @LockMode = 'Exclusive';
SELECT @result
2025-02-21 20:03:43.292 +02:00 [INF] Executed DbCommand (3ms) [Parameters=[], CommandType='"Text"', CommandTimeout='30']
IF OBJECT_ID(N'[__EFMigrationsHistory]') IS NULL
BEGIN
    CREATE TABLE [__EFMigrationsHistory] (
        [MigrationId] nvarchar(150) NOT NULL,
        [ProductVersion] nvarchar(32) NOT NULL,
        CONSTRAINT [PK___EFMigrationsHistory] PRIMARY KEY ([MigrationId])
    );
END;
2025-02-21 20:03:43.303 +02:00 [INF] Executed DbCommand (0ms) [Parameters=[], CommandType='"Text"', CommandTimeout='30']
SELECT 1
2025-02-21 20:03:43.304 +02:00 [INF] Executed DbCommand (1ms) [Parameters=[], CommandType='"Text"', CommandTimeout='30']
SELECT OBJECT_ID(N'[__EFMigrationsHistory]');
2025-02-21 20:03:43.309 +02:00 [INF] Executed DbCommand (3ms) [Parameters=[], CommandType='"Text"', CommandTimeout='30']
SELECT [MigrationId], [ProductVersion]
FROM [__EFMigrationsHistory]
ORDER BY [MigrationId];
2025-02-21 20:03:43.317 +02:00 [INF] Applying migration '20250221180320_UserAdditionalProperties'.
2025-02-21 20:03:43.356 +02:00 [INF] Executed DbCommand (5ms) [Parameters=[], CommandType='"Text"', CommandTimeout='30']
ALTER TABLE [AspNetUsers] ADD [DateOfBirth] date NULL;
2025-02-21 20:03:43.357 +02:00 [INF] Executed DbCommand (1ms) [Parameters=[], CommandType='"Text"', CommandTimeout='30']
ALTER TABLE [AspNetUsers] ADD [Nationality] nvarchar(max) NULL;
2025-02-21 20:03:43.359 +02:00 [INF] Executed DbCommand (2ms) [Parameters=[], CommandType='"Text"', CommandTimeout='30']
INSERT INTO [__EFMigrationsHistory] ([MigrationId], [ProductVersion])
VALUES (N'20250221180320_UserAdditionalProperties', N'9.0.2');
2025-02-21 20:03:43.364 +02:00 [INF] Executed DbCommand (4ms) [Parameters=[], CommandType='"Text"', CommandTimeout='30']
DECLARE @result int;
EXEC @result = sp_releaseapplock @Resource = '__EFMigrationsLock', @LockOwner = 'Session';
SELECT @result
2025-02-21 20:21:39.665 +02:00 [WRN] Sensitive data logging is enabled. Log entries and exception messages may include sensitive application data; this mode should only be enabled during development.
2025-02-21 20:21:39.844 +02:00 [WRN] The entity type 'Address' is an optional dependent using table sharing without any required non shared property that could be used to identify whether the entity exists. If all nullable properties contain a null value in database then an object instance won't be created in the query. Add a required property to create instances with null values for other properties or mark the incoming navigation as required to always create an instance.
2025-02-21 20:21:39.861 +02:00 [WRN] No store type was specified for the decimal property 'Price' on entity type 'Dish'. This will cause values to be silently truncated if they do not fit in the default precision and scale. Explicitly specify the SQL server column type that can accommodate all the values in 'OnModelCreating' using 'HasColumnType', specify precision and scale using 'HasPrecision', or configure a value converter using 'HasConversion'.
2025-02-21 20:21:43.417 +02:00 [INF] Executed DbCommand (48ms) [Parameters=[], CommandType='"Text"', CommandTimeout='30']
SELECT 1
2025-02-21 20:21:43.956 +02:00 [INF] Executed DbCommand (10ms) [Parameters=[], CommandType='"Text"', CommandTimeout='30']
SELECT CASE
    WHEN EXISTS (
        SELECT 1
        FROM [Restaurants] AS [r]) THEN CAST(1 AS bit)
    ELSE CAST(0 AS bit)
END
2025-02-21 20:21:46.833 +02:00 [INF] HTTP GET /swagger/index.html responded 200 in 202.5254 ms
2025-02-21 20:21:46.985 +02:00 [INF] HTTP GET /swagger/index.js responded 200 in 85.1379 ms
2025-02-21 20:21:47.797 +02:00 [INF] HTTP GET /swagger/v1/swagger.json responded 200 in 98.5232 ms
2025-02-21 20:24:08.433 +02:00 [WRN] Sensitive data logging is enabled. Log entries and exception messages may include sensitive application data; this mode should only be enabled during development.
2025-02-21 20:24:08.573 +02:00 [WRN] The entity type 'Address' is an optional dependent using table sharing without any required non shared property that could be used to identify whether the entity exists. If all nullable properties contain a null value in database then an object instance won't be created in the query. Add a required property to create instances with null values for other properties or mark the incoming navigation as required to always create an instance.
2025-02-21 20:24:08.596 +02:00 [WRN] No store type was specified for the decimal property 'Price' on entity type 'Dish'. This will cause values to be silently truncated if they do not fit in the default precision and scale. Explicitly specify the SQL server column type that can accommodate all the values in 'OnModelCreating' using 'HasColumnType', specify precision and scale using 'HasPrecision', or configure a value converter using 'HasConversion'.
2025-02-21 20:24:09.311 +02:00 [INF] Executed DbCommand (73ms) [Parameters=[], CommandType='"Text"', CommandTimeout='30']
SELECT 1
2025-02-21 20:24:09.782 +02:00 [INF] Executed DbCommand (11ms) [Parameters=[], CommandType='"Text"', CommandTimeout='30']
SELECT CASE
    WHEN EXISTS (
        SELECT 1
        FROM [Restaurants] AS [r]) THEN CAST(1 AS bit)
    ELSE CAST(0 AS bit)
END
2025-02-21 20:24:11.844 +02:00 [INF] HTTP GET /swagger/index.html responded 200 in 144.9738 ms
2025-02-21 20:24:11.884 +02:00 [INF] HTTP GET /swagger/index.js responded 200 in 2.7850 ms
2025-02-21 20:24:12.885 +02:00 [INF] HTTP GET /swagger/v1/swagger.json responded 200 in 168.1085 ms
