2025-02-23 02:58:00.400 +02:00 [WRN] Sensitive data logging is enabled. Log entries and exception messages may include sensitive application data; this mode should only be enabled during development.
2025-02-23 02:58:00.645 +02:00 [WRN] The entity type 'Address' is an optional dependent using table sharing without any required non shared property that could be used to identify whether the entity exists. If all nullable properties contain a null value in database then an object instance won't be created in the query. Add a required property to create instances with null values for other properties or mark the incoming navigation as required to always create an instance.
2025-02-23 02:58:00.669 +02:00 [WRN] No store type was specified for the decimal property 'Price' on entity type 'Dish'. This will cause values to be silently truncated if they do not fit in the default precision and scale. Explicitly specify the SQL server column type that can accommodate all the values in 'OnModelCreating' using 'HasColumnType', specify precision and scale using 'HasPrecision', or configure a value converter using 'HasConversion'.
2025-02-23 02:58:02.596 +02:00 [INF] Executed DbCommand (18ms) [Parameters=[], CommandType='"Text"', CommandTimeout='30']
SELECT 1
2025-02-23 02:58:02.610 +02:00 [INF] Acquiring an exclusive lock for migration application. See https://aka.ms/efcore-docs-migrations-lock for more information if this takes too long.
2025-02-23 02:58:02.641 +02:00 [INF] Executed DbCommand (26ms) [Parameters=[], CommandType='"Text"', CommandTimeout='30']
DECLARE @result int;
EXEC @result = sp_getapplock @Resource = '__EFMigrationsLock', @LockOwner = 'Session', @LockMode = 'Exclusive';
SELECT @result
2025-02-23 02:58:02.774 +02:00 [INF] Executed DbCommand (7ms) [Parameters=[], CommandType='"Text"', CommandTimeout='30']
IF OBJECT_ID(N'[__EFMigrationsHistory]') IS NULL
BEGIN
    CREATE TABLE [__EFMigrationsHistory] (
        [MigrationId] nvarchar(150) NOT NULL,
        [ProductVersion] nvarchar(32) NOT NULL,
        CONSTRAINT [PK___EFMigrationsHistory] PRIMARY KEY ([MigrationId])
    );
END;
2025-02-23 02:58:02.785 +02:00 [INF] Executed DbCommand (0ms) [Parameters=[], CommandType='"Text"', CommandTimeout='30']
SELECT 1
2025-02-23 02:58:02.786 +02:00 [INF] Executed DbCommand (0ms) [Parameters=[], CommandType='"Text"', CommandTimeout='30']
SELECT OBJECT_ID(N'[__EFMigrationsHistory]');
2025-02-23 02:58:02.791 +02:00 [INF] Executed DbCommand (3ms) [Parameters=[], CommandType='"Text"', CommandTimeout='30']
SELECT [MigrationId], [ProductVersion]
FROM [__EFMigrationsHistory]
ORDER BY [MigrationId];
2025-02-23 02:58:02.802 +02:00 [INF] Applying migration '20250222103352_AddingRoles'.
2025-02-23 02:58:02.851 +02:00 [INF] Executed DbCommand (35ms) [Parameters=[], CommandType='"Text"', CommandTimeout='30']

        INSERT INTO AspNetUserRoles(UserId, RoleId)
        VALUES 
        ('28a3a5d0-bc99-4f04-ad28-6466395563ed','27e82d17-d5b6-4135-8bf7-e27966a53594'),
        ('9221fa30-b0af-43f4-a19d-fddbbe66db36','fb8c7d9e-84ff-4906-9ee4-53e991f86444'),
        ('c0bdf2b3-b8e8-4800-9661-ea1686267927','77c1be72-83c6-43ce-a7c2-44b36acf3ff5');
2025-02-23 02:58:02.854 +02:00 [INF] Executed DbCommand (2ms) [Parameters=[], CommandType='"Text"', CommandTimeout='30']
INSERT INTO [__EFMigrationsHistory] ([MigrationId], [ProductVersion])
VALUES (N'20250222103352_AddingRoles', N'9.0.2');
2025-02-23 02:58:02.859 +02:00 [INF] Executed DbCommand (4ms) [Parameters=[], CommandType='"Text"', CommandTimeout='30']
DECLARE @result int;
EXEC @result = sp_releaseapplock @Resource = '__EFMigrationsLock', @LockOwner = 'Session';
SELECT @result
2025-02-23 03:02:22.428 +02:00 [WRN] Sensitive data logging is enabled. Log entries and exception messages may include sensitive application data; this mode should only be enabled during development.
2025-02-23 03:02:22.572 +02:00 [WRN] The entity type 'Address' is an optional dependent using table sharing without any required non shared property that could be used to identify whether the entity exists. If all nullable properties contain a null value in database then an object instance won't be created in the query. Add a required property to create instances with null values for other properties or mark the incoming navigation as required to always create an instance.
2025-02-23 03:02:22.589 +02:00 [WRN] No store type was specified for the decimal property 'Price' on entity type 'Dish'. This will cause values to be silently truncated if they do not fit in the default precision and scale. Explicitly specify the SQL server column type that can accommodate all the values in 'OnModelCreating' using 'HasColumnType', specify precision and scale using 'HasPrecision', or configure a value converter using 'HasConversion'.
2025-02-23 03:02:23.308 +02:00 [INF] Executed DbCommand (56ms) [Parameters=[], CommandType='"Text"', CommandTimeout='30']
SELECT 1
2025-02-23 03:02:23.802 +02:00 [INF] Executed DbCommand (10ms) [Parameters=[], CommandType='"Text"', CommandTimeout='30']
SELECT CASE
    WHEN EXISTS (
        SELECT 1
        FROM [Restaurants] AS [r]) THEN CAST(1 AS bit)
    ELSE CAST(0 AS bit)
END
2025-02-23 03:02:23.844 +02:00 [INF] Executed DbCommand (2ms) [Parameters=[], CommandType='"Text"', CommandTimeout='30']
SELECT CASE
    WHEN EXISTS (
        SELECT 1
        FROM [AspNetRoles] AS [a]) THEN CAST(1 AS bit)
    ELSE CAST(0 AS bit)
END
2025-02-23 03:02:27.539 +02:00 [INF] HTTP GET /swagger/index.html responded 200 in 243.5000 ms
2025-02-23 03:02:27.556 +02:00 [INF] HTTP GET /swagger/index.js responded 200 in 9.9207 ms
2025-02-23 03:02:28.514 +02:00 [INF] HTTP GET /swagger/v1/swagger.json responded 200 in 159.0857 ms
2025-02-23 03:02:55.148 +02:00 [WRN] Failed to determine the https port for redirect.
2025-02-23 03:02:55.733 +02:00 [INF] Executed DbCommand (165ms) [Parameters=[@__normalizedUserName_0='USER@TEST.COM' (Size = 256)], CommandType='"Text"', CommandTimeout='30']
SELECT TOP(1) [a].[Id], [a].[AccessFailedCount], [a].[ConcurrencyStamp], [a].[DateOfBirth], [a].[Email], [a].[EmailConfirmed], [a].[LockoutEnabled], [a].[LockoutEnd], [a].[Nationality], [a].[NormalizedEmail], [a].[NormalizedUserName], [a].[PasswordHash], [a].[PhoneNumber], [a].[PhoneNumberConfirmed], [a].[SecurityStamp], [a].[TwoFactorEnabled], [a].[UserName]
FROM [AspNetUsers] AS [a]
WHERE [a].[NormalizedUserName] = @__normalizedUserName_0
2025-02-23 03:02:56.171 +02:00 [INF] Executed DbCommand (3ms) [Parameters=[@__user_Id_0='28a3a5d0-bc99-4f04-ad28-6466395563ed' (Size = 450)], CommandType='"Text"', CommandTimeout='30']
SELECT [a].[Id], [a].[ClaimType], [a].[ClaimValue], [a].[UserId]
FROM [AspNetUserClaims] AS [a]
WHERE [a].[UserId] = @__user_Id_0
2025-02-23 03:02:56.215 +02:00 [INF] HTTP POST /api/Identity/login responded 200 in 1068.9145 ms
2025-02-23 03:04:09.549 +02:00 [INF] Executed DbCommand (4ms) [Parameters=[@__normalizedUserName_0='OWNER@TEST.COM' (Size = 256)], CommandType='"Text"', CommandTimeout='30']
SELECT TOP(1) [a].[Id], [a].[AccessFailedCount], [a].[ConcurrencyStamp], [a].[DateOfBirth], [a].[Email], [a].[EmailConfirmed], [a].[LockoutEnabled], [a].[LockoutEnd], [a].[Nationality], [a].[NormalizedEmail], [a].[NormalizedUserName], [a].[PasswordHash], [a].[PhoneNumber], [a].[PhoneNumberConfirmed], [a].[SecurityStamp], [a].[TwoFactorEnabled], [a].[UserName]
FROM [AspNetUsers] AS [a]
WHERE [a].[NormalizedUserName] = @__normalizedUserName_0
2025-02-23 03:04:09.762 +02:00 [INF] Executed DbCommand (3ms) [Parameters=[@__user_Id_0='9221fa30-b0af-43f4-a19d-fddbbe66db36' (Size = 450)], CommandType='"Text"', CommandTimeout='30']
SELECT [a].[Id], [a].[ClaimType], [a].[ClaimValue], [a].[UserId]
FROM [AspNetUserClaims] AS [a]
WHERE [a].[UserId] = @__user_Id_0
2025-02-23 03:04:09.768 +02:00 [INF] HTTP POST /api/Identity/login responded 200 in 413.3142 ms
2025-02-23 03:04:42.313 +02:00 [INF] Executed DbCommand (7ms) [Parameters=[@__normalizedUserName_0='ADMIN@TEST.COM' (Size = 256)], CommandType='"Text"', CommandTimeout='30']
SELECT TOP(1) [a].[Id], [a].[AccessFailedCount], [a].[ConcurrencyStamp], [a].[DateOfBirth], [a].[Email], [a].[EmailConfirmed], [a].[LockoutEnabled], [a].[LockoutEnd], [a].[Nationality], [a].[NormalizedEmail], [a].[NormalizedUserName], [a].[PasswordHash], [a].[PhoneNumber], [a].[PhoneNumberConfirmed], [a].[SecurityStamp], [a].[TwoFactorEnabled], [a].[UserName]
FROM [AspNetUsers] AS [a]
WHERE [a].[NormalizedUserName] = @__normalizedUserName_0
2025-02-23 03:04:42.471 +02:00 [INF] Executed DbCommand (4ms) [Parameters=[@__user_Id_0='c0bdf2b3-b8e8-4800-9661-ea1686267927' (Size = 450)], CommandType='"Text"', CommandTimeout='30']
SELECT [a].[Id], [a].[ClaimType], [a].[ClaimValue], [a].[UserId]
FROM [AspNetUserClaims] AS [a]
WHERE [a].[UserId] = @__user_Id_0
2025-02-23 03:04:42.476 +02:00 [INF] HTTP POST /api/Identity/login responded 200 in 192.0320 ms
2025-02-23 03:05:27.560 +02:00 [INF] HTTP POST /api/Restaurants/Create-Restaurant responded 401 in 20.5982 ms
2025-02-23 03:07:36.658 +02:00 [INF] HTTP POST /api/Restaurants/Create-Restaurant responded 403 in 4.0532 ms
2025-02-23 03:08:00.407 +02:00 [INF] HTTP POST /api/Restaurants/Create-Restaurant responded 403 in 1.8364 ms
2025-02-23 03:08:29.423 +02:00 [INF] HTTP POST /api/Restaurants/Create-Restaurant responded 403 in 0.1505 ms
2025-02-23 03:08:39.489 +02:00 [INF] HTTP POST /api/Restaurants/Create-Restaurant responded 403 in 0.1522 ms
2025-02-23 03:09:00.146 +02:00 [INF] Executed DbCommand (1ms) [Parameters=[@__normalizedUserName_0='OWNER@TEST.COM' (Size = 256)], CommandType='"Text"', CommandTimeout='30']
SELECT TOP(1) [a].[Id], [a].[AccessFailedCount], [a].[ConcurrencyStamp], [a].[DateOfBirth], [a].[Email], [a].[EmailConfirmed], [a].[LockoutEnabled], [a].[LockoutEnd], [a].[Nationality], [a].[NormalizedEmail], [a].[NormalizedUserName], [a].[PasswordHash], [a].[PhoneNumber], [a].[PhoneNumberConfirmed], [a].[SecurityStamp], [a].[TwoFactorEnabled], [a].[UserName]
FROM [AspNetUsers] AS [a]
WHERE [a].[NormalizedUserName] = @__normalizedUserName_0
2025-02-23 03:09:00.282 +02:00 [INF] Executed DbCommand (2ms) [Parameters=[@__user_Id_0='9221fa30-b0af-43f4-a19d-fddbbe66db36' (Size = 450)], CommandType='"Text"', CommandTimeout='30']
SELECT [a].[Id], [a].[ClaimType], [a].[ClaimValue], [a].[UserId]
FROM [AspNetUserClaims] AS [a]
WHERE [a].[UserId] = @__user_Id_0
2025-02-23 03:09:00.287 +02:00 [INF] HTTP POST /api/Identity/login responded 200 in 159.3930 ms
2025-02-23 03:09:35.618 +02:00 [INF] HTTP POST /api/Restaurants/Create-Restaurant responded 403 in 0.1494 ms
2025-02-23 03:13:25.953 +02:00 [WRN] Sensitive data logging is enabled. Log entries and exception messages may include sensitive application data; this mode should only be enabled during development.
2025-02-23 03:13:26.175 +02:00 [WRN] The entity type 'Address' is an optional dependent using table sharing without any required non shared property that could be used to identify whether the entity exists. If all nullable properties contain a null value in database then an object instance won't be created in the query. Add a required property to create instances with null values for other properties or mark the incoming navigation as required to always create an instance.
2025-02-23 03:13:26.196 +02:00 [WRN] No store type was specified for the decimal property 'Price' on entity type 'Dish'. This will cause values to be silently truncated if they do not fit in the default precision and scale. Explicitly specify the SQL server column type that can accommodate all the values in 'OnModelCreating' using 'HasColumnType', specify precision and scale using 'HasPrecision', or configure a value converter using 'HasConversion'.
2025-02-23 03:13:26.843 +02:00 [INF] Executed DbCommand (35ms) [Parameters=[], CommandType='"Text"', CommandTimeout='30']
SELECT 1
2025-02-23 03:13:27.339 +02:00 [INF] Executed DbCommand (14ms) [Parameters=[], CommandType='"Text"', CommandTimeout='30']
SELECT CASE
    WHEN EXISTS (
        SELECT 1
        FROM [Restaurants] AS [r]) THEN CAST(1 AS bit)
    ELSE CAST(0 AS bit)
END
2025-02-23 03:13:27.363 +02:00 [INF] Executed DbCommand (2ms) [Parameters=[], CommandType='"Text"', CommandTimeout='30']
SELECT CASE
    WHEN EXISTS (
        SELECT 1
        FROM [AspNetRoles] AS [a]) THEN CAST(1 AS bit)
    ELSE CAST(0 AS bit)
END
2025-02-23 03:13:30.537 +02:00 [INF] HTTP GET /swagger/index.html responded 200 in 269.9890 ms
2025-02-23 03:13:30.575 +02:00 [INF] HTTP GET /swagger/index.js responded 200 in 2.8382 ms
2025-02-23 03:13:31.992 +02:00 [INF] HTTP GET /swagger/v1/swagger.json responded 200 in 71.8590 ms
2025-02-23 03:13:41.682 +02:00 [WRN] Failed to determine the https port for redirect.
2025-02-23 03:13:41.711 +02:00 [INF] HTTP POST /api/Restaurants/Create-Restaurant responded 403 in 31.5998 ms
2025-02-23 03:13:44.667 +02:00 [INF] HTTP POST /api/Restaurants/Create-Restaurant responded 403 in 0.9393 ms
2025-02-23 03:13:47.664 +02:00 [INF] HTTP POST /api/Restaurants/Create-Restaurant responded 403 in 2.3496 ms
2025-02-23 03:13:50.649 +02:00 [INF] HTTP POST /api/Restaurants/Create-Restaurant responded 403 in 0.1967 ms
2025-02-23 03:14:25.679 +02:00 [INF] Executed DbCommand (102ms) [Parameters=[@__normalizedUserName_0='USER@TEST.COM' (Size = 256)], CommandType='"Text"', CommandTimeout='30']
SELECT TOP(1) [a].[Id], [a].[AccessFailedCount], [a].[ConcurrencyStamp], [a].[DateOfBirth], [a].[Email], [a].[EmailConfirmed], [a].[LockoutEnabled], [a].[LockoutEnd], [a].[Nationality], [a].[NormalizedEmail], [a].[NormalizedUserName], [a].[PasswordHash], [a].[PhoneNumber], [a].[PhoneNumberConfirmed], [a].[SecurityStamp], [a].[TwoFactorEnabled], [a].[UserName]
FROM [AspNetUsers] AS [a]
WHERE [a].[NormalizedUserName] = @__normalizedUserName_0
2025-02-23 03:14:26.069 +02:00 [INF] Executed DbCommand (8ms) [Parameters=[@__user_Id_0='28a3a5d0-bc99-4f04-ad28-6466395563ed' (Size = 450)], CommandType='"Text"', CommandTimeout='30']
SELECT [a].[Id], [a].[ClaimType], [a].[ClaimValue], [a].[UserId]
FROM [AspNetUserClaims] AS [a]
WHERE [a].[UserId] = @__user_Id_0
2025-02-23 03:14:26.201 +02:00 [INF] Executed DbCommand (40ms) [Parameters=[@__userId_0='28a3a5d0-bc99-4f04-ad28-6466395563ed' (Size = 450)], CommandType='"Text"', CommandTimeout='30']
SELECT [a0].[Name]
FROM [AspNetUserRoles] AS [a]
INNER JOIN [AspNetRoles] AS [a0] ON [a].[RoleId] = [a0].[Id]
WHERE [a].[UserId] = @__userId_0
2025-02-23 03:14:26.248 +02:00 [INF] Executed DbCommand (9ms) [Parameters=[@__normalizedName_0='USER' (Size = 256)], CommandType='"Text"', CommandTimeout='30']
SELECT TOP(1) [a].[Id], [a].[ConcurrencyStamp], [a].[Name], [a].[NormalizedName]
FROM [AspNetRoles] AS [a]
WHERE [a].[NormalizedName] = @__normalizedName_0
2025-02-23 03:14:26.294 +02:00 [INF] HTTP POST /api/Identity/login responded 200 in 1096.0940 ms
2025-02-23 03:14:50.271 +02:00 [INF] Executed DbCommand (1ms) [Parameters=[@__normalizedUserName_0='OWNER@TEST.COM' (Size = 256)], CommandType='"Text"', CommandTimeout='30']
SELECT TOP(1) [a].[Id], [a].[AccessFailedCount], [a].[ConcurrencyStamp], [a].[DateOfBirth], [a].[Email], [a].[EmailConfirmed], [a].[LockoutEnabled], [a].[LockoutEnd], [a].[Nationality], [a].[NormalizedEmail], [a].[NormalizedUserName], [a].[PasswordHash], [a].[PhoneNumber], [a].[PhoneNumberConfirmed], [a].[SecurityStamp], [a].[TwoFactorEnabled], [a].[UserName]
FROM [AspNetUsers] AS [a]
WHERE [a].[NormalizedUserName] = @__normalizedUserName_0
2025-02-23 03:14:50.390 +02:00 [INF] Executed DbCommand (1ms) [Parameters=[@__user_Id_0='9221fa30-b0af-43f4-a19d-fddbbe66db36' (Size = 450)], CommandType='"Text"', CommandTimeout='30']
SELECT [a].[Id], [a].[ClaimType], [a].[ClaimValue], [a].[UserId]
FROM [AspNetUserClaims] AS [a]
WHERE [a].[UserId] = @__user_Id_0
2025-02-23 03:14:50.399 +02:00 [INF] Executed DbCommand (1ms) [Parameters=[@__userId_0='9221fa30-b0af-43f4-a19d-fddbbe66db36' (Size = 450)], CommandType='"Text"', CommandTimeout='30']
SELECT [a0].[Name]
FROM [AspNetUserRoles] AS [a]
INNER JOIN [AspNetRoles] AS [a0] ON [a].[RoleId] = [a0].[Id]
WHERE [a].[UserId] = @__userId_0
2025-02-23 03:14:50.404 +02:00 [INF] Executed DbCommand (1ms) [Parameters=[@__normalizedName_0='OWNER' (Size = 256)], CommandType='"Text"', CommandTimeout='30']
SELECT TOP(1) [a].[Id], [a].[ConcurrencyStamp], [a].[Name], [a].[NormalizedName]
FROM [AspNetRoles] AS [a]
WHERE [a].[NormalizedName] = @__normalizedName_0
2025-02-23 03:14:50.408 +02:00 [INF] HTTP POST /api/Identity/login responded 200 in 241.3324 ms
2025-02-23 03:14:55.248 +02:00 [INF] Executed DbCommand (1ms) [Parameters=[@__normalizedUserName_0='OWNER@TEST.COM' (Size = 256)], CommandType='"Text"', CommandTimeout='30']
SELECT TOP(1) [a].[Id], [a].[AccessFailedCount], [a].[ConcurrencyStamp], [a].[DateOfBirth], [a].[Email], [a].[EmailConfirmed], [a].[LockoutEnabled], [a].[LockoutEnd], [a].[Nationality], [a].[NormalizedEmail], [a].[NormalizedUserName], [a].[PasswordHash], [a].[PhoneNumber], [a].[PhoneNumberConfirmed], [a].[SecurityStamp], [a].[TwoFactorEnabled], [a].[UserName]
FROM [AspNetUsers] AS [a]
WHERE [a].[NormalizedUserName] = @__normalizedUserName_0
2025-02-23 03:14:55.363 +02:00 [INF] Executed DbCommand (2ms) [Parameters=[@__user_Id_0='9221fa30-b0af-43f4-a19d-fddbbe66db36' (Size = 450)], CommandType='"Text"', CommandTimeout='30']
SELECT [a].[Id], [a].[ClaimType], [a].[ClaimValue], [a].[UserId]
FROM [AspNetUserClaims] AS [a]
WHERE [a].[UserId] = @__user_Id_0
2025-02-23 03:14:55.369 +02:00 [INF] Executed DbCommand (1ms) [Parameters=[@__userId_0='9221fa30-b0af-43f4-a19d-fddbbe66db36' (Size = 450)], CommandType='"Text"', CommandTimeout='30']
SELECT [a0].[Name]
FROM [AspNetUserRoles] AS [a]
INNER JOIN [AspNetRoles] AS [a0] ON [a].[RoleId] = [a0].[Id]
WHERE [a].[UserId] = @__userId_0
2025-02-23 03:14:55.376 +02:00 [INF] Executed DbCommand (1ms) [Parameters=[@__normalizedName_0='OWNER' (Size = 256)], CommandType='"Text"', CommandTimeout='30']
SELECT TOP(1) [a].[Id], [a].[ConcurrencyStamp], [a].[Name], [a].[NormalizedName]
FROM [AspNetRoles] AS [a]
WHERE [a].[NormalizedName] = @__normalizedName_0
2025-02-23 03:14:55.385 +02:00 [INF] HTTP POST /api/Identity/login responded 200 in 160.1672 ms
2025-02-23 03:15:17.615 +02:00 [INF] Executed DbCommand (1ms) [Parameters=[@__normalizedUserName_0='ADMIN@TEST.COM' (Size = 256)], CommandType='"Text"', CommandTimeout='30']
SELECT TOP(1) [a].[Id], [a].[AccessFailedCount], [a].[ConcurrencyStamp], [a].[DateOfBirth], [a].[Email], [a].[EmailConfirmed], [a].[LockoutEnabled], [a].[LockoutEnd], [a].[Nationality], [a].[NormalizedEmail], [a].[NormalizedUserName], [a].[PasswordHash], [a].[PhoneNumber], [a].[PhoneNumberConfirmed], [a].[SecurityStamp], [a].[TwoFactorEnabled], [a].[UserName]
FROM [AspNetUsers] AS [a]
WHERE [a].[NormalizedUserName] = @__normalizedUserName_0
2025-02-23 03:15:17.764 +02:00 [INF] Executed DbCommand (1ms) [Parameters=[@__user_Id_0='c0bdf2b3-b8e8-4800-9661-ea1686267927' (Size = 450)], CommandType='"Text"', CommandTimeout='30']
SELECT [a].[Id], [a].[ClaimType], [a].[ClaimValue], [a].[UserId]
FROM [AspNetUserClaims] AS [a]
WHERE [a].[UserId] = @__user_Id_0
2025-02-23 03:15:17.771 +02:00 [INF] Executed DbCommand (1ms) [Parameters=[@__userId_0='c0bdf2b3-b8e8-4800-9661-ea1686267927' (Size = 450)], CommandType='"Text"', CommandTimeout='30']
SELECT [a0].[Name]
FROM [AspNetUserRoles] AS [a]
INNER JOIN [AspNetRoles] AS [a0] ON [a].[RoleId] = [a0].[Id]
WHERE [a].[UserId] = @__userId_0
2025-02-23 03:15:17.778 +02:00 [INF] Executed DbCommand (1ms) [Parameters=[@__normalizedName_0='ADMIN' (Size = 256)], CommandType='"Text"', CommandTimeout='30']
SELECT TOP(1) [a].[Id], [a].[ConcurrencyStamp], [a].[Name], [a].[NormalizedName]
FROM [AspNetRoles] AS [a]
WHERE [a].[NormalizedName] = @__normalizedName_0
2025-02-23 03:15:17.783 +02:00 [INF] HTTP POST /api/Identity/login responded 200 in 171.9650 ms
2025-02-23 03:15:34.890 +02:00 [INF] HTTP POST /api/Restaurants/Create-Restaurant responded 403 in 0.4401 ms
2025-02-23 03:15:39.682 +02:00 [INF] HTTP POST /api/Restaurants/Create-Restaurant responded 400 in 327.3313 ms
2025-02-23 03:44:43.591 +02:00 [WRN] Sensitive data logging is enabled. Log entries and exception messages may include sensitive application data; this mode should only be enabled during development.
2025-02-23 03:44:43.732 +02:00 [WRN] The entity type 'Address' is an optional dependent using table sharing without any required non shared property that could be used to identify whether the entity exists. If all nullable properties contain a null value in database then an object instance won't be created in the query. Add a required property to create instances with null values for other properties or mark the incoming navigation as required to always create an instance.
2025-02-23 03:44:43.748 +02:00 [WRN] No store type was specified for the decimal property 'Price' on entity type 'Dish'. This will cause values to be silently truncated if they do not fit in the default precision and scale. Explicitly specify the SQL server column type that can accommodate all the values in 'OnModelCreating' using 'HasColumnType', specify precision and scale using 'HasPrecision', or configure a value converter using 'HasConversion'.
2025-02-23 03:45:44.622 +02:00 [WRN] Sensitive data logging is enabled. Log entries and exception messages may include sensitive application data; this mode should only be enabled during development.
2025-02-23 03:45:44.754 +02:00 [WRN] The entity type 'Address' is an optional dependent using table sharing without any required non shared property that could be used to identify whether the entity exists. If all nullable properties contain a null value in database then an object instance won't be created in the query. Add a required property to create instances with null values for other properties or mark the incoming navigation as required to always create an instance.
2025-02-23 03:45:44.770 +02:00 [WRN] No store type was specified for the decimal property 'Price' on entity type 'Dish'. This will cause values to be silently truncated if they do not fit in the default precision and scale. Explicitly specify the SQL server column type that can accommodate all the values in 'OnModelCreating' using 'HasColumnType', specify precision and scale using 'HasPrecision', or configure a value converter using 'HasConversion'.
2025-02-23 03:45:45.328 +02:00 [INF] Executed DbCommand (18ms) [Parameters=[], CommandType='"Text"', CommandTimeout='30']
SELECT 1
2025-02-23 03:45:45.340 +02:00 [INF] Acquiring an exclusive lock for migration application. See https://aka.ms/efcore-docs-migrations-lock for more information if this takes too long.
2025-02-23 03:45:45.361 +02:00 [INF] Executed DbCommand (17ms) [Parameters=[], CommandType='"Text"', CommandTimeout='30']
DECLARE @result int;
EXEC @result = sp_getapplock @Resource = '__EFMigrationsLock', @LockOwner = 'Session', @LockMode = 'Exclusive';
SELECT @result
2025-02-23 03:45:45.497 +02:00 [INF] Executed DbCommand (1ms) [Parameters=[], CommandType='"Text"', CommandTimeout='30']
IF OBJECT_ID(N'[__EFMigrationsHistory]') IS NULL
BEGIN
    CREATE TABLE [__EFMigrationsHistory] (
        [MigrationId] nvarchar(150) NOT NULL,
        [ProductVersion] nvarchar(32) NOT NULL,
        CONSTRAINT [PK___EFMigrationsHistory] PRIMARY KEY ([MigrationId])
    );
END;
2025-02-23 03:45:45.506 +02:00 [INF] Executed DbCommand (0ms) [Parameters=[], CommandType='"Text"', CommandTimeout='30']
SELECT 1
2025-02-23 03:45:45.507 +02:00 [INF] Executed DbCommand (0ms) [Parameters=[], CommandType='"Text"', CommandTimeout='30']
SELECT OBJECT_ID(N'[__EFMigrationsHistory]');
2025-02-23 03:45:45.511 +02:00 [INF] Executed DbCommand (2ms) [Parameters=[], CommandType='"Text"', CommandTimeout='30']
SELECT [MigrationId], [ProductVersion]
FROM [__EFMigrationsHistory]
ORDER BY [MigrationId];
2025-02-23 03:45:45.520 +02:00 [INF] Applying migration '20250223014448_adding-NormalizedName-inAspNetRoles'.
2025-02-23 03:45:45.569 +02:00 [INF] Executed DbCommand (38ms) [Parameters=[], CommandType='"Text"', CommandTimeout='30']
UPDATE AspNetRoles SET NormalizedName = UPPER(Name);
2025-02-23 03:45:45.571 +02:00 [INF] Executed DbCommand (1ms) [Parameters=[], CommandType='"Text"', CommandTimeout='30']
INSERT INTO [__EFMigrationsHistory] ([MigrationId], [ProductVersion])
VALUES (N'20250223014448_adding-NormalizedName-inAspNetRoles', N'9.0.2');
2025-02-23 03:45:45.574 +02:00 [INF] Executed DbCommand (1ms) [Parameters=[], CommandType='"Text"', CommandTimeout='30']
DECLARE @result int;
EXEC @result = sp_releaseapplock @Resource = '__EFMigrationsLock', @LockOwner = 'Session';
SELECT @result
